<?xml version="1.0" encoding="UTF-8"?>
<!-- Generated by org.testng.reporters.JUnitXMLReporter -->
<testsuite ignored="0" hostname="H-ElFekey-Laptop" failures="1" tests="2" name="Test" time="8.506" errors="0" timestamp="18 Feb 2022 11:45:02 GMT">
  <testcase classname="p1.AllureTestWithWebDriverEventsTests" name="UsegetToWebsiteByTitle" time="2.195"/>
  <testcase classname="p1.AllureTestWithWebDriverEventsTests" name="checkLogo" time="0.113">
    <failure type="java.lang.AssertionError" message="expected [false] but found [true]">
      <![CDATA[java.lang.AssertionError: expected [false] but found [true]
at p1.AllureTestWithWebDriverEventsTests.checkLogo(AllureTestWithWebDriverEventsTests.java:54)
... Removed 31 stack frames]]>
    </failure>
  </testcase> <!-- checkLogo -->
</testsuite> <!-- Test -->
