<?xml version="1.0" encoding="UTF-8"?>
<testng-results ignored="0" total="2" passed="1" failed="1" skipped="0">
  <reporter-output>
  </reporter-output>
  <suite started-at="2022-02-18T11:57:56Z" name="Default suite" finished-at="2022-02-18T11:58:05Z" duration-ms="8914">
    <groups>
    </groups>
    <test started-at="2022-02-18T11:57:56Z" name="Default test" finished-at="2022-02-18T11:58:05Z" duration-ms="8914">
      <class name="p1.AllureTestWithWebDriverEventsTests">
        <test-method is-config="true" signature="setup()[pri:0, instance:p1.AllureTestWithWebDriverEventsTests@1458ed9c]" started-at="2022-02-18T11:57:56Z" name="setup" finished-at="2022-02-18T11:57:58Z" duration-ms="2120" status="PASS">
          <reporter-output>
          </reporter-output>
        </test-method> <!-- setup -->
        <test-method signature="UsegetToWebsiteByTitle()[pri:1, instance:p1.AllureTestWithWebDriverEventsTests@1458ed9c]" started-at="2022-02-18T11:57:58Z" name="UsegetToWebsiteByTitle" description="priority 1 test" finished-at="2022-02-18T11:58:00Z" duration-ms="1820" status="PASS">
          <reporter-output>
          </reporter-output>
        </test-method> <!-- UsegetToWebsiteByTitle -->
        <test-method signature="checkLogo()[pri:2, instance:p1.AllureTestWithWebDriverEventsTests@1458ed9c]" started-at="2022-02-18T11:58:01Z" name="checkLogo" description="priority 2 test" finished-at="2022-02-18T11:58:01Z" duration-ms="89" status="FAIL">
          <exception class="java.lang.AssertionError">
            <message>
              <![CDATA[expected [false] but found [true]]]>
            </message>
            <full-stacktrace>
              <![CDATA[java.lang.AssertionError: expected [false] but found [true]
at org.testng.Assert.fail(Assert.java:96)
at org.testng.Assert.failNotEquals(Assert.java:776)
at org.testng.Assert.assertEqualsImpl(Assert.java:137)
at org.testng.Assert.assertEquals(Assert.java:118)
at org.testng.Assert.assertEquals(Assert.java:568)
at org.testng.Assert.assertEquals(Assert.java:578)
at p1.AllureTestWithWebDriverEventsTests.checkLogo(AllureTestWithWebDriverEventsTests.java:54)
at java.base/jdk.internal.reflect.NativeMethodAccessorImpl.invoke0(Native Method)
at java.base/jdk.internal.reflect.NativeMethodAccessorImpl.invoke(NativeMethodAccessorImpl.java:64)
at java.base/jdk.internal.reflect.DelegatingMethodAccessorImpl.invoke(DelegatingMethodAccessorImpl.java:43)
at java.base/java.lang.reflect.Method.invoke(Method.java:564)
at org.testng.internal.MethodInvocationHelper.invokeMethod(MethodInvocationHelper.java:124)
at org.testng.internal.Invoker.invokeMethod(Invoker.java:580)
at org.testng.internal.Invoker.invokeTestMethod(Invoker.java:716)
at org.testng.internal.Invoker.invokeTestMethods(Invoker.java:988)
at org.testng.internal.TestMethodWorker.invokeTestMethods(TestMethodWorker.java:125)
at org.testng.internal.TestMethodWorker.run(TestMethodWorker.java:109)
at org.testng.TestRunner.privateRun(TestRunner.java:648)
at org.testng.TestRunner.run(TestRunner.java:505)
at org.testng.SuiteRunner.runTest(SuiteRunner.java:455)
at org.testng.SuiteRunner.runSequentially(SuiteRunner.java:450)
at org.testng.SuiteRunner.privateRun(SuiteRunner.java:415)
at org.testng.SuiteRunner.run(SuiteRunner.java:364)
at org.testng.SuiteRunnerWorker.runSuite(SuiteRunnerWorker.java:52)
at org.testng.SuiteRunnerWorker.run(SuiteRunnerWorker.java:84)
at org.testng.TestNG.runSuitesSequentially(TestNG.java:1208)
at org.testng.TestNG.runSuitesLocally(TestNG.java:1137)
at org.testng.TestNG.runSuites(TestNG.java:1049)
at org.testng.TestNG.run(TestNG.java:1017)
at org.testng.remote.AbstractRemoteTestNG.run(AbstractRemoteTestNG.java:115)
at org.testng.remote.RemoteTestNG.initAndRun(RemoteTestNG.java:251)
at org.testng.remote.RemoteTestNG.main(RemoteTestNG.java:77)
]]>
            </full-stacktrace>
          </exception> <!-- java.lang.AssertionError -->
          <reporter-output>
          </reporter-output>
        </test-method> <!-- checkLogo -->
        <test-method is-config="true" signature="after()[pri:0, instance:p1.AllureTestWithWebDriverEventsTests@1458ed9c]" started-at="2022-02-18T11:58:02Z" name="after" finished-at="2022-02-18T11:58:05Z" duration-ms="3680" status="PASS">
          <reporter-output>
          </reporter-output>
        </test-method> <!-- after -->
      </class> <!-- p1.AllureTestWithWebDriverEventsTests -->
    </test> <!-- Default test -->
  </suite> <!-- Default suite -->
</testng-results>
